{
  "Cucumber Features": {
    "coverage": {
      "/home/codio/workspace/sweng-project-ShirinNagle/app/controllers/albums_controller.rb": {
        "lines": [
          1,
          1,
          null,
          null,
          1,
          8,
          8,
          null,
          0,
          null,
          0,
          null,
          0,
          null,
          null,
          8,
          null,
          8,
          null,
          8,
          42,
          null,
          null,
          8,
          0,
          8,
          1,
          1,
          1,
          null,
          null,
          7,
          null,
          null,
          null,
          1,
          null,
          0,
          0,
          null,
          0,
          0,
          null,
          null,
          null,
          1,
          null,
          null,
          null,
          0,
          null,
          null,
          null,
          1,
          0,
          0,
          null,
          null,
          null,
          1,
          1,
          null,
          null,
          null,
          1,
          null,
          null,
          null,
          1,
          1,
          null,
          1,
          null,
          1,
          null,
          0,
          null,
          null,
          null,
          null,
          1,
          0,
          0,
          null,
          0,
          null,
          null,
          null,
          null,
          1,
          0,
          0,
          null,
          null,
          1,
          null,
          1,
          0,
          null,
          null,
          null,
          1,
          1,
          null,
          null
        ]
      },
      "/home/codio/workspace/sweng-project-ShirinNagle/app/controllers/application_controller.rb": {
        "lines": [
          1,
          null,
          null,
          1,
          null
        ]
      },
      "/home/codio/workspace/sweng-project-ShirinNagle/app/helpers/application_helper.rb": {
        "lines": [
          1,
          null
        ]
      },
      "/home/codio/workspace/sweng-project-ShirinNagle/app/helpers/albums_helper.rb": {
        "lines": [
          1,
          null
        ]
      },
      "/home/codio/workspace/sweng-project-ShirinNagle/app/models/album.rb": {
        "lines": [
          1,
          null,
          1,
          8,
          null,
          null
        ]
      }
    },
    "timestamp": 1620407700
  },
  "RSpec": {
    "coverage": {
      "/home/codio/workspace/sweng-project-ShirinNagle/app/helpers/albums_helper.rb": {
        "lines": [
          1,
          null
        ]
      },
      "/home/codio/workspace/sweng-project-ShirinNagle/app/helpers/application_helper.rb": {
        "lines": [
          1,
          null
        ]
      },
      "/home/codio/workspace/sweng-project-ShirinNagle/app/controllers/albums_controller.rb": {
        "lines": [
          1,
          1,
          null,
          null,
          1,
          1,
          1,
          null,
          0,
          null,
          0,
          null,
          0,
          null,
          null,
          1,
          null,
          1,
          null,
          1,
          7,
          null,
          null,
          1,
          0,
          1,
          0,
          0,
          0,
          null,
          null,
          1,
          null,
          null,
          null,
          1,
          null,
          0,
          0,
          null,
          0,
          0,
          null,
          null,
          null,
          1,
          null,
          null,
          null,
          6,
          null,
          null,
          null,
          1,
          0,
          0,
          null,
          null,
          null,
          1,
          1,
          null,
          null,
          null,
          1,
          null,
          null,
          null,
          1,
          0,
          null,
          0,
          null,
          0,
          null,
          0,
          null,
          null,
          null,
          null,
          1,
          0,
          0,
          null,
          0,
          null,
          null,
          null,
          null,
          1,
          0,
          0,
          null,
          null,
          1,
          null,
          1,
          0,
          null,
          null,
          null,
          1,
          0,
          null,
          null
        ]
      },
      "/home/codio/workspace/sweng-project-ShirinNagle/app/controllers/application_controller.rb": {
        "lines": [
          1,
          null,
          null,
          1,
          null
        ]
      },
      "/home/codio/workspace/sweng-project-ShirinNagle/app/models/album.rb": {
        "lines": [
          1,
          null,
          1,
          1,
          null,
          null
        ]
      }
    },
    "timestamp": 1620407745
  }
}
